mode: atomic
myapp-go/src/controllers/customerController.go:19.93,21.2 1 0
myapp-go/src/controllers/customerController.go:24.60,27.19 2 0
myapp-go/src/controllers/customerController.go:27.19,29.3 1 0
myapp-go/src/controllers/customerController.go:31.2,33.43 2 0
myapp-go/src/controllers/customerController.go:33.43,35.3 1 0
myapp-go/src/controllers/customerController.go:37.2,37.39 1 0
myapp-go/src/controllers/customerController.go:37.39,39.3 1 0
myapp-go/src/controllers/customerController.go:42.2,43.16 2 0
myapp-go/src/controllers/customerController.go:43.16,45.3 1 0
myapp-go/src/controllers/customerController.go:48.2,51.9 1 0
myapp-go/src/controllers/customerController.go:55.58,66.43 3 0
myapp-go/src/controllers/customerController.go:66.43,68.3 1 0
myapp-go/src/controllers/customerController.go:71.2,72.16 2 0
myapp-go/src/controllers/customerController.go:72.16,74.3 1 0
myapp-go/src/controllers/customerController.go:76.2,76.91 1 0
myapp-go/src/controllers/customerController.go:79.67,81.19 2 0
myapp-go/src/controllers/customerController.go:81.19,83.3 1 0
myapp-go/src/controllers/customerController.go:86.2,87.9 2 0
myapp-go/src/controllers/customerController.go:87.9,89.3 1 0
myapp-go/src/controllers/customerController.go:92.2,93.16 2 0
myapp-go/src/controllers/customerController.go:93.16,95.3 1 0
myapp-go/src/controllers/customerController.go:98.2,98.93 1 0
myapp-go/src/controllers/customerController.go:101.66,109.16 5 0
myapp-go/src/controllers/customerController.go:109.16,111.3 1 0
myapp-go/src/controllers/customerController.go:114.2,114.88 1 0
myapp-go/src/controllers/customerController.go:19.93,21.2 1 4
myapp-go/src/controllers/customerController.go:24.60,27.19 2 5
myapp-go/src/controllers/customerController.go:27.19,29.3 1 1
myapp-go/src/controllers/customerController.go:31.2,33.43 2 4
myapp-go/src/controllers/customerController.go:33.43,35.3 1 1
myapp-go/src/controllers/customerController.go:37.2,37.39 1 3
myapp-go/src/controllers/customerController.go:37.39,39.3 1 1
myapp-go/src/controllers/customerController.go:42.2,43.16 2 2
myapp-go/src/controllers/customerController.go:43.16,45.3 1 1
myapp-go/src/controllers/customerController.go:48.2,51.9 1 1
myapp-go/src/controllers/customerController.go:55.58,66.43 3 3
myapp-go/src/controllers/customerController.go:66.43,68.3 1 1
myapp-go/src/controllers/customerController.go:71.2,72.16 2 2
myapp-go/src/controllers/customerController.go:72.16,74.3 1 1
myapp-go/src/controllers/customerController.go:76.2,76.91 1 1
myapp-go/src/controllers/customerController.go:79.67,81.19 2 4
myapp-go/src/controllers/customerController.go:81.19,83.3 1 1
myapp-go/src/controllers/customerController.go:86.2,87.9 2 3
myapp-go/src/controllers/customerController.go:87.9,89.3 1 1
myapp-go/src/controllers/customerController.go:92.2,93.16 2 2
myapp-go/src/controllers/customerController.go:93.16,95.3 1 1
myapp-go/src/controllers/customerController.go:98.2,98.93 1 1
myapp-go/src/controllers/customerController.go:101.66,109.16 5 3
myapp-go/src/controllers/customerController.go:109.16,111.3 1 1
myapp-go/src/controllers/customerController.go:114.2,114.88 1 2
