mode: set
myapp-go/src/mocks/customer_mock/service_mock.go:13.109,16.2 2 0
myapp-go/src/mocks/customer_mock/service_mock.go:18.110,21.2 2 0
myapp-go/src/mocks/customer_mock/service_mock.go:23.84,26.2 2 0
myapp-go/src/mocks/customer_mock/service_mock.go:28.109,31.2 2 0
myapp-go/src/dto/customer_dto.go:21.49,33.2 1 0
myapp-go/src/dto/customer_dto.go:48.49,59.2 1 0
myapp-go/src/dto/login_dto.go:13.46,18.2 1 0
myapp-go/src/dto/user_dto.go:16.45,22.2 1 0
myapp-go/src/routes/authRouter.go:10.82,16.2 4 0
myapp-go/src/routes/bankAccountRouter.go:11.94,19.2 5 0
myapp-go/src/routes/customerRouter.go:11.94,18.2 5 0
myapp-go/src/routes/pocketRouter.go:11.88,19.2 6 0
myapp-go/src/routes/routes.go:10.61,16.2 5 0
myapp-go/src/routes/userRouter.go:10.82,14.2 2 0
myapp-go/src/middlewares/jwt_middleware.go:14.40,18.24 2 0
myapp-go/src/middlewares/jwt_middleware.go:18.24,20.28 2 0
myapp-go/src/middlewares/jwt_middleware.go:20.28,22.4 1 0
myapp-go/src/middlewares/jwt_middleware.go:24.3,27.84 2 0
myapp-go/src/middlewares/jwt_middleware.go:27.84,29.4 1 0
myapp-go/src/middlewares/jwt_middleware.go:32.3,32.33 1 0
myapp-go/src/middlewares/jwt_middleware.go:32.33,34.4 1 0
myapp-go/src/middlewares/jwt_middleware.go:37.3,38.10 2 0
myapp-go/src/middlewares/jwt_middleware.go:38.10,40.4 1 0
myapp-go/src/middlewares/jwt_middleware.go:43.3,44.18 2 0
myapp-go/src/middlewares/jwt_middleware.go:46.2,46.87 1 0
myapp-go/src/container/container.go:21.33,57.2 17 0
myapp-go/src/models/termDeposit.go:25.88,27.2 1 0
myapp-go/src/database/database.go:15.18,20.16 2 0
myapp-go/src/database/database.go:20.16,22.3 1 0
myapp-go/src/database/database.go:25.2,36.16 3 0
myapp-go/src/database/database.go:36.16,38.3 1 0
myapp-go/src/database/database.go:40.2,41.49 2 0
myapp-go/src/database/migrate.go:9.18,18.16 2 0
myapp-go/src/database/migrate.go:18.16,20.3 1 0
myapp-go/src/database/migrate.go:21.2,21.48 1 0
myapp-go/src/database/seed.go:13.15,36.29 2 0
myapp-go/src/database/seed.go:36.29,37.26 1 0
myapp-go/src/database/seed.go:37.26,39.102 2 0
myapp-go/src/database/seed.go:39.102,84.36 10 0
myapp-go/src/database/seed.go:84.36,86.6 1 0
myapp-go/src/database/seed.go:89.5,111.47 2 0
myapp-go/src/database/seed.go:111.47,113.6 1 0
myapp-go/src/database/seed.go:117.2,117.35 1 0
myapp-go/src/services/authService.go:20.118,25.2 1 0
myapp-go/src/services/authService.go:28.109,30.56 1 0
myapp-go/src/services/authService.go:30.56,32.3 1 0
myapp-go/src/services/authService.go:35.2,35.39 1 0
myapp-go/src/services/authService.go:35.39,37.3 1 0
myapp-go/src/services/authService.go:40.2,41.16 2 0
myapp-go/src/services/authService.go:41.16,43.3 1 0
myapp-go/src/services/authService.go:46.2,55.16 3 0
myapp-go/src/services/authService.go:55.16,57.3 1 0
myapp-go/src/services/authService.go:60.2,68.16 3 0
myapp-go/src/services/authService.go:68.16,70.3 1 0
myapp-go/src/services/authService.go:72.2,72.27 1 0
myapp-go/src/services/authService.go:76.96,79.56 1 0
myapp-go/src/services/authService.go:79.56,81.3 1 0
myapp-go/src/services/authService.go:84.2,85.16 2 0
myapp-go/src/services/authService.go:85.16,87.3 1 0
myapp-go/src/services/authService.go:90.2,90.62 1 0
myapp-go/src/services/authService.go:90.62,92.3 1 0
myapp-go/src/services/authService.go:95.2,96.16 2 0
myapp-go/src/services/authService.go:96.16,98.3 1 0
myapp-go/src/services/authService.go:101.2,109.69 2 0
myapp-go/src/services/authService.go:109.69,111.3 1 0
myapp-go/src/services/authService.go:113.2,113.27 1 0
myapp-go/src/services/authService.go:117.54,120.16 2 0
myapp-go/src/services/authService.go:120.16,122.3 1 0
myapp-go/src/services/authService.go:125.2,125.64 1 0
myapp-go/src/services/bankAccountService.go:19.148,24.2 1 0
myapp-go/src/services/bankAccountService.go:27.107,31.16 2 0
myapp-go/src/services/bankAccountService.go:31.16,33.3 1 0
myapp-go/src/services/bankAccountService.go:35.2,36.16 2 0
myapp-go/src/services/bankAccountService.go:36.16,38.3 1 0
myapp-go/src/services/bankAccountService.go:40.2,52.65 2 0
myapp-go/src/services/bankAccountService.go:52.65,54.3 1 0
myapp-go/src/services/bankAccountService.go:56.2,56.28 1 0
myapp-go/src/services/bankAccountService.go:98.129,102.16 2 0
myapp-go/src/services/bankAccountService.go:102.16,104.3 1 0
myapp-go/src/services/bankAccountService.go:106.2,107.16 2 0
myapp-go/src/services/bankAccountService.go:107.16,109.3 1 0
myapp-go/src/services/bankAccountService.go:112.2,113.16 2 0
myapp-go/src/services/bankAccountService.go:113.16,115.3 1 0
myapp-go/src/services/bankAccountService.go:117.2,118.16 2 0
myapp-go/src/services/bankAccountService.go:118.16,120.3 1 0
myapp-go/src/services/bankAccountService.go:122.2,133.65 2 0
myapp-go/src/services/bankAccountService.go:133.65,135.3 1 0
myapp-go/src/services/bankAccountService.go:137.2,137.28 1 0
myapp-go/src/services/bankAccountService.go:140.88,143.16 2 0
myapp-go/src/services/bankAccountService.go:143.16,145.3 1 0
myapp-go/src/services/bankAccountService.go:147.2,148.16 2 0
myapp-go/src/services/bankAccountService.go:148.16,150.3 1 0
myapp-go/src/services/bankAccountService.go:152.2,152.25 1 0
myapp-go/src/services/bankAccountService.go:155.67,158.16 2 0
myapp-go/src/services/bankAccountService.go:158.16,160.3 1 0
myapp-go/src/services/bankAccountService.go:162.2,163.16 2 0
myapp-go/src/services/bankAccountService.go:163.16,165.3 1 0
myapp-go/src/services/bankAccountService.go:167.2,167.69 1 0
myapp-go/src/services/customerService.go:26.181,32.2 1 0
myapp-go/src/services/customerService.go:35.105,39.16 2 0
myapp-go/src/services/customerService.go:39.16,41.3 1 0
myapp-go/src/services/customerService.go:43.2,43.17 1 0
myapp-go/src/services/customerService.go:43.17,45.3 1 0
myapp-go/src/services/customerService.go:49.2,50.16 2 0
myapp-go/src/services/customerService.go:50.16,52.3 1 0
myapp-go/src/services/customerService.go:52.8,54.3 1 0
myapp-go/src/services/customerService.go:56.2,61.16 4 0
myapp-go/src/services/customerService.go:61.16,63.3 1 0
myapp-go/src/services/customerService.go:65.2,75.55 2 0
myapp-go/src/services/customerService.go:75.55,77.3 1 0
myapp-go/src/services/customerService.go:79.2,90.59 2 0
myapp-go/src/services/customerService.go:90.59,92.3 1 0
myapp-go/src/services/customerService.go:94.2,105.65 2 0
myapp-go/src/services/customerService.go:105.65,107.3 1 0
myapp-go/src/services/customerService.go:109.2,109.34 1 0
myapp-go/src/services/customerService.go:113.106,116.16 2 0
myapp-go/src/services/customerService.go:116.16,118.3 1 0
myapp-go/src/services/customerService.go:120.2,121.16 2 0
myapp-go/src/services/customerService.go:121.16,123.3 1 0
myapp-go/src/services/customerService.go:125.2,126.16 2 0
myapp-go/src/services/customerService.go:126.16,128.3 1 0
myapp-go/src/services/customerService.go:131.2,132.16 2 0
myapp-go/src/services/customerService.go:132.16,134.3 1 0
myapp-go/src/services/customerService.go:134.8,136.3 1 0
myapp-go/src/services/customerService.go:138.2,147.54 2 0
myapp-go/src/services/customerService.go:147.54,149.3 1 0
myapp-go/src/services/customerService.go:151.2,161.62 2 0
myapp-go/src/services/customerService.go:161.62,163.3 1 0
myapp-go/src/services/customerService.go:165.2,175.65 2 0
myapp-go/src/services/customerService.go:175.65,177.3 1 0
myapp-go/src/services/customerService.go:179.2,179.28 1 0
myapp-go/src/services/customerService.go:183.81,185.16 2 0
myapp-go/src/services/customerService.go:185.16,187.3 1 0
myapp-go/src/services/customerService.go:189.2,190.16 2 0
myapp-go/src/services/customerService.go:190.16,192.3 1 0
myapp-go/src/services/customerService.go:193.2,193.22 1 0
myapp-go/src/services/customerService.go:196.105,198.16 2 0
myapp-go/src/services/customerService.go:198.16,200.3 1 0
myapp-go/src/services/customerService.go:202.2,213.8 3 0
myapp-go/src/services/pocketService.go:20.134,25.2 1 0
myapp-go/src/services/pocketService.go:28.101,31.16 2 0
myapp-go/src/services/pocketService.go:31.16,33.3 1 0
myapp-go/src/services/pocketService.go:35.2,36.16 2 0
myapp-go/src/services/pocketService.go:36.16,38.3 1 0
myapp-go/src/services/pocketService.go:40.2,51.55 2 0
myapp-go/src/services/pocketService.go:51.55,53.3 1 0
myapp-go/src/services/pocketService.go:55.2,55.23 1 0
myapp-go/src/services/pocketService.go:59.101,61.16 2 0
myapp-go/src/services/pocketService.go:61.16,63.3 1 0
myapp-go/src/services/pocketService.go:65.2,66.16 2 0
myapp-go/src/services/pocketService.go:66.16,68.3 1 0
myapp-go/src/services/pocketService.go:70.2,81.8 3 0
myapp-go/src/services/pocketService.go:85.102,88.16 2 0
myapp-go/src/services/pocketService.go:88.16,90.3 1 0
myapp-go/src/services/pocketService.go:92.2,93.16 2 0
myapp-go/src/services/pocketService.go:93.16,95.3 1 0
myapp-go/src/services/pocketService.go:98.2,99.16 2 0
myapp-go/src/services/pocketService.go:99.16,101.3 1 0
myapp-go/src/services/pocketService.go:103.2,113.55 2 0
myapp-go/src/services/pocketService.go:113.55,115.3 1 0
myapp-go/src/services/pocketService.go:117.2,117.23 1 0
myapp-go/src/services/pocketService.go:121.77,124.16 2 0
myapp-go/src/services/pocketService.go:124.16,126.3 1 0
myapp-go/src/services/pocketService.go:128.2,129.16 2 0
myapp-go/src/services/pocketService.go:129.16,131.3 1 0
myapp-go/src/services/pocketService.go:133.2,133.20 1 0
myapp-go/src/services/pocketService.go:137.57,140.16 2 0
myapp-go/src/services/pocketService.go:140.16,142.3 1 0
myapp-go/src/services/pocketService.go:144.2,145.16 2 0
myapp-go/src/services/pocketService.go:145.16,147.3 1 0
myapp-go/src/services/pocketService.go:149.2,149.59 1 0
myapp-go/src/services/userService.go:14.118,19.2 1 0
myapp-go/src/services/userService.go:22.79,24.16 2 0
myapp-go/src/services/userService.go:24.16,26.3 1 0
myapp-go/src/services/userService.go:29.2,41.8 3 0
myapp-go/src/repositories/bankAccountRepository.go:17.67,19.2 1 0
myapp-go/src/repositories/bankAccountRepository.go:22.79,24.2 1 0
myapp-go/src/repositories/bankAccountRepository.go:51.76,54.86 2 0
myapp-go/src/repositories/bankAccountRepository.go:54.86,56.3 1 0
myapp-go/src/repositories/bankAccountRepository.go:59.2,59.65 1 0
myapp-go/src/repositories/bankAccountRepository.go:63.95,68.44 3 0
myapp-go/src/repositories/bankAccountRepository.go:68.44,70.3 1 0
myapp-go/src/repositories/bankAccountRepository.go:71.2,71.16 1 0
myapp-go/src/repositories/bankAccountRepository.go:71.16,73.3 1 0
myapp-go/src/repositories/bankAccountRepository.go:76.2,77.45 2 0
myapp-go/src/repositories/bankAccountRepository.go:77.45,79.3 1 0
myapp-go/src/repositories/bankAccountRepository.go:80.2,84.52 3 0
myapp-go/src/repositories/bankAccountRepository.go:84.52,86.3 1 0
myapp-go/src/repositories/bankAccountRepository.go:87.2,91.26 3 0
myapp-go/src/repositories/bankAccountRepository.go:95.68,97.2 1 0
myapp-go/src/repositories/customerRepository.go:15.61,17.2 1 0
myapp-go/src/repositories/customerRepository.go:20.70,22.2 1 0
myapp-go/src/repositories/customerRepository.go:25.70,28.83 2 0
myapp-go/src/repositories/customerRepository.go:28.83,30.3 1 0
myapp-go/src/repositories/customerRepository.go:33.2,33.62 1 0
myapp-go/src/repositories/customerRepository.go:37.86,41.44 3 0
myapp-go/src/repositories/customerRepository.go:41.44,43.3 1 0
myapp-go/src/repositories/customerRepository.go:44.2,44.16 1 0
myapp-go/src/repositories/customerRepository.go:44.16,46.3 1 0
myapp-go/src/repositories/customerRepository.go:47.2,47.23 1 0
myapp-go/src/repositories/customerRepository.go:51.81,54.44 3 0
myapp-go/src/repositories/customerRepository.go:54.44,56.3 1 0
myapp-go/src/repositories/customerRepository.go:57.2,57.16 1 0
myapp-go/src/repositories/customerRepository.go:57.16,59.3 1 0
myapp-go/src/repositories/customerRepository.go:60.2,60.23 1 0
myapp-go/src/repositories/customerRepository.go:64.112,70.50 4 0
myapp-go/src/repositories/customerRepository.go:70.50,72.3 1 0
myapp-go/src/repositories/customerRepository.go:74.2,78.38 2 0
myapp-go/src/repositories/customerRepository.go:78.38,80.3 1 0
myapp-go/src/repositories/customerRepository.go:81.2,81.30 1 0
myapp-go/src/repositories/pocketRepository.go:15.57,17.2 1 0
myapp-go/src/repositories/pocketRepository.go:20.64,22.2 1 0
myapp-go/src/repositories/pocketRepository.go:25.108,32.35 3 0
myapp-go/src/repositories/pocketRepository.go:32.35,34.3 1 0
myapp-go/src/repositories/pocketRepository.go:37.2,42.35 2 0
myapp-go/src/repositories/pocketRepository.go:42.35,44.3 1 0
myapp-go/src/repositories/pocketRepository.go:46.2,46.27 1 0
myapp-go/src/repositories/pocketRepository.go:50.64,54.79 2 0
myapp-go/src/repositories/pocketRepository.go:54.79,56.3 1 0
myapp-go/src/repositories/pocketRepository.go:59.2,59.58 1 0
myapp-go/src/repositories/pocketRepository.go:63.80,69.44 3 0
myapp-go/src/repositories/pocketRepository.go:69.44,71.3 1 0
myapp-go/src/repositories/pocketRepository.go:72.2,72.16 1 0
myapp-go/src/repositories/pocketRepository.go:72.16,74.3 1 0
myapp-go/src/repositories/pocketRepository.go:75.2,75.21 1 0
myapp-go/src/repositories/pocketRepository.go:79.58,81.2 1 0
myapp-go/src/repositories/sessionRepository.go:13.59,15.2 1 0
myapp-go/src/repositories/sessionRepository.go:18.74,20.2 1 0
myapp-go/src/repositories/sessionRepository.go:23.82,27.29 3 0
myapp-go/src/repositories/sessionRepository.go:27.29,32.3 4 0
myapp-go/src/repositories/sessionRepository.go:35.2,35.35 1 0
myapp-go/src/repositories/sessionRepository.go:39.87,42.25 3 0
myapp-go/src/repositories/sessionRepository.go:42.25,44.3 1 0
myapp-go/src/repositories/sessionRepository.go:45.2,45.22 1 0
myapp-go/src/repositories/sessionRepository.go:49.67,51.2 1 0
myapp-go/src/repositories/userRepository.go:15.53,17.2 1 0
myapp-go/src/repositories/userRepository.go:20.60,24.2 3 0
myapp-go/src/repositories/userRepository.go:27.74,30.44 3 0
myapp-go/src/repositories/userRepository.go:30.44,32.3 1 0
myapp-go/src/repositories/userRepository.go:33.2,33.16 1 0
myapp-go/src/repositories/userRepository.go:33.16,35.3 1 0
myapp-go/src/repositories/userRepository.go:36.2,36.19 1 0
myapp-go/src/repositories/userRepository.go:40.74,44.16 3 0
myapp-go/src/repositories/userRepository.go:44.16,45.45 1 0
myapp-go/src/repositories/userRepository.go:45.45,47.4 1 0
myapp-go/src/repositories/userRepository.go:48.3,48.18 1 0
myapp-go/src/repositories/userRepository.go:51.2,51.19 1 0
myapp-go/src/repositories/userRepository.go:55.62,57.2 1 0
myapp-go/src/repositories/userRepository.go:60.86,65.71 3 0
myapp-go/src/repositories/userRepository.go:65.71,67.3 1 0
myapp-go/src/repositories/userRepository.go:70.2,71.76 2 0
myapp-go/src/repositories/userRepository.go:71.76,73.3 1 0
myapp-go/src/repositories/userRepository.go:75.2,75.26 1 0
myapp-go/src/repositories/userRepository.go:79.58,83.75 2 0
myapp-go/src/repositories/userRepository.go:83.75,85.3 1 0
myapp-go/src/repositories/userRepository.go:88.2,88.54 1 0
myapp-go/src/controllers/authController.go:18.71,20.2 1 0
myapp-go/src/controllers/authController.go:22.55,24.43 2 0
myapp-go/src/controllers/authController.go:24.43,26.3 1 0
myapp-go/src/controllers/authController.go:28.2,28.39 1 0
myapp-go/src/controllers/authController.go:28.39,30.3 1 0
myapp-go/src/controllers/authController.go:33.2,34.16 2 0
myapp-go/src/controllers/authController.go:34.16,36.3 1 0
myapp-go/src/controllers/authController.go:39.2,45.9 2 0
myapp-go/src/controllers/authController.go:61.52,65.43 3 0
myapp-go/src/controllers/authController.go:65.43,67.3 1 0
myapp-go/src/controllers/authController.go:69.2,69.39 1 0
myapp-go/src/controllers/authController.go:69.39,71.3 1 0
myapp-go/src/controllers/authController.go:74.2,75.16 2 0
myapp-go/src/controllers/authController.go:75.16,77.3 1 0
myapp-go/src/controllers/authController.go:80.2,86.9 2 0
myapp-go/src/controllers/authController.go:90.53,96.43 3 0
myapp-go/src/controllers/authController.go:96.43,98.3 1 0
myapp-go/src/controllers/authController.go:101.2,102.16 2 0
myapp-go/src/controllers/authController.go:102.16,104.3 1 0
myapp-go/src/controllers/authController.go:107.2,109.76 2 0
myapp-go/src/controllers/bankAccountController.go:19.92,21.2 1 0
myapp-go/src/controllers/bankAccountController.go:24.61,27.19 2 0
myapp-go/src/controllers/bankAccountController.go:27.19,29.3 1 0
myapp-go/src/controllers/bankAccountController.go:31.2,32.9 2 0
myapp-go/src/controllers/bankAccountController.go:32.9,34.3 1 0
myapp-go/src/controllers/bankAccountController.go:36.2,38.43 2 0
myapp-go/src/controllers/bankAccountController.go:38.43,40.3 1 0
myapp-go/src/controllers/bankAccountController.go:47.2,48.16 2 0
myapp-go/src/controllers/bankAccountController.go:48.16,50.3 1 0
myapp-go/src/controllers/bankAccountController.go:52.2,52.94 1 0
myapp-go/src/controllers/bankAccountController.go:82.61,87.19 3 0
myapp-go/src/controllers/bankAccountController.go:87.19,89.3 1 0
myapp-go/src/controllers/bankAccountController.go:91.2,92.9 2 0
myapp-go/src/controllers/bankAccountController.go:92.9,94.3 1 0
myapp-go/src/controllers/bankAccountController.go:96.2,98.43 2 0
myapp-go/src/controllers/bankAccountController.go:98.43,100.3 1 0
myapp-go/src/controllers/bankAccountController.go:103.2,104.16 2 0
myapp-go/src/controllers/bankAccountController.go:104.16,106.3 1 0
myapp-go/src/controllers/bankAccountController.go:108.2,108.94 1 0
myapp-go/src/controllers/bankAccountController.go:112.62,123.16 3 0
myapp-go/src/controllers/bankAccountController.go:123.16,125.3 1 0
myapp-go/src/controllers/bankAccountController.go:127.2,127.105 1 0
myapp-go/src/controllers/bankAccountController.go:130.61,135.19 3 0
myapp-go/src/controllers/bankAccountController.go:135.19,137.3 1 0
myapp-go/src/controllers/bankAccountController.go:140.2,141.16 2 0
myapp-go/src/controllers/bankAccountController.go:141.16,143.3 1 0
myapp-go/src/controllers/bankAccountController.go:145.2,145.93 1 0
myapp-go/src/controllers/customerController.go:19.93,21.2 1 0
myapp-go/src/controllers/customerController.go:24.60,27.19 2 0
myapp-go/src/controllers/customerController.go:27.19,29.3 1 0
myapp-go/src/controllers/customerController.go:31.2,33.43 2 0
myapp-go/src/controllers/customerController.go:33.43,35.3 1 0
myapp-go/src/controllers/customerController.go:37.2,37.39 1 0
myapp-go/src/controllers/customerController.go:37.39,39.3 1 0
myapp-go/src/controllers/customerController.go:42.2,43.16 2 0
myapp-go/src/controllers/customerController.go:43.16,45.3 1 0
myapp-go/src/controllers/customerController.go:48.2,51.9 1 0
myapp-go/src/controllers/customerController.go:55.58,66.43 3 0
myapp-go/src/controllers/customerController.go:66.43,68.3 1 0
myapp-go/src/controllers/customerController.go:71.2,72.16 2 0
myapp-go/src/controllers/customerController.go:72.16,74.3 1 0
myapp-go/src/controllers/customerController.go:76.2,76.91 1 0
myapp-go/src/controllers/customerController.go:79.67,81.19 2 0
myapp-go/src/controllers/customerController.go:81.19,83.3 1 0
myapp-go/src/controllers/customerController.go:86.2,87.9 2 0
myapp-go/src/controllers/customerController.go:87.9,89.3 1 0
myapp-go/src/controllers/customerController.go:92.2,93.16 2 0
myapp-go/src/controllers/customerController.go:93.16,95.3 1 0
myapp-go/src/controllers/customerController.go:98.2,98.93 1 0
myapp-go/src/controllers/customerController.go:101.66,109.16 5 0
myapp-go/src/controllers/customerController.go:109.16,111.3 1 0
myapp-go/src/controllers/customerController.go:114.2,114.88 1 0
myapp-go/src/controllers/pocketController.go:21.77,23.2 1 0
myapp-go/src/controllers/pocketController.go:26.55,29.19 2 0
myapp-go/src/controllers/pocketController.go:29.19,31.3 1 0
myapp-go/src/controllers/pocketController.go:33.2,34.9 2 0
myapp-go/src/controllers/pocketController.go:34.9,36.3 1 0
myapp-go/src/controllers/pocketController.go:38.2,40.43 2 0
myapp-go/src/controllers/pocketController.go:40.43,42.3 1 0
myapp-go/src/controllers/pocketController.go:45.2,46.16 2 0
myapp-go/src/controllers/pocketController.go:46.16,48.3 1 0
myapp-go/src/controllers/pocketController.go:50.2,50.96 1 0
myapp-go/src/controllers/pocketController.go:54.55,62.19 5 0
myapp-go/src/controllers/pocketController.go:62.19,64.3 1 0
myapp-go/src/controllers/pocketController.go:67.2,68.16 2 0
myapp-go/src/controllers/pocketController.go:68.16,70.3 1 0
myapp-go/src/controllers/pocketController.go:73.2,73.90 1 0
myapp-go/src/controllers/pocketController.go:77.55,82.19 3 0
myapp-go/src/controllers/pocketController.go:82.19,84.3 1 0
myapp-go/src/controllers/pocketController.go:86.2,88.43 2 0
myapp-go/src/controllers/pocketController.go:88.43,90.3 1 0
myapp-go/src/controllers/pocketController.go:93.2,94.16 2 0
myapp-go/src/controllers/pocketController.go:94.16,96.3 1 0
myapp-go/src/controllers/pocketController.go:98.2,98.91 1 0
myapp-go/src/controllers/pocketController.go:102.56,107.19 3 0
myapp-go/src/controllers/pocketController.go:107.19,109.3 1 0
myapp-go/src/controllers/pocketController.go:112.2,113.16 2 0
myapp-go/src/controllers/pocketController.go:113.16,115.3 1 0
myapp-go/src/controllers/pocketController.go:117.2,117.94 1 0
myapp-go/src/controllers/pocketController.go:120.55,125.19 3 0
myapp-go/src/controllers/pocketController.go:125.19,127.3 1 0
myapp-go/src/controllers/pocketController.go:130.2,131.16 2 0
myapp-go/src/controllers/pocketController.go:131.16,133.3 1 0
myapp-go/src/controllers/pocketController.go:135.2,135.87 1 0
myapp-go/src/controllers/userController.go:16.71,18.2 1 0
myapp-go/src/controllers/userController.go:21.58,28.16 4 0
myapp-go/src/controllers/userController.go:28.16,30.3 1 0
myapp-go/src/controllers/userController.go:33.2,33.96 1 0
myapp-go/src/utils/httpError/message.go:68.35,70.2 1 0
myapp-go/src/utils/httpError/message.go:73.33,75.2 1 0
myapp-go/src/utils/httpError/message.go:78.41,80.2 1 0
myapp-go/src/utils/httpError/message.go:82.55,88.2 1 0
myapp-go/src/controllers/authController.go:18.71,20.2 1 0
myapp-go/src/controllers/authController.go:22.55,24.43 2 0
myapp-go/src/controllers/authController.go:24.43,26.3 1 0
myapp-go/src/controllers/authController.go:28.2,28.39 1 0
myapp-go/src/controllers/authController.go:28.39,30.3 1 0
myapp-go/src/controllers/authController.go:33.2,34.16 2 0
myapp-go/src/controllers/authController.go:34.16,36.3 1 0
myapp-go/src/controllers/authController.go:39.2,45.9 2 0
myapp-go/src/controllers/authController.go:61.52,65.43 3 0
myapp-go/src/controllers/authController.go:65.43,67.3 1 0
myapp-go/src/controllers/authController.go:69.2,69.39 1 0
myapp-go/src/controllers/authController.go:69.39,71.3 1 0
myapp-go/src/controllers/authController.go:74.2,75.16 2 0
myapp-go/src/controllers/authController.go:75.16,77.3 1 0
myapp-go/src/controllers/authController.go:80.2,86.9 2 0
myapp-go/src/controllers/authController.go:90.53,96.43 3 0
myapp-go/src/controllers/authController.go:96.43,98.3 1 0
myapp-go/src/controllers/authController.go:101.2,102.16 2 0
myapp-go/src/controllers/authController.go:102.16,104.3 1 0
myapp-go/src/controllers/authController.go:107.2,109.76 2 0
myapp-go/src/controllers/bankAccountController.go:19.92,21.2 1 0
myapp-go/src/controllers/bankAccountController.go:24.61,27.19 2 0
myapp-go/src/controllers/bankAccountController.go:27.19,29.3 1 0
myapp-go/src/controllers/bankAccountController.go:31.2,32.9 2 0
myapp-go/src/controllers/bankAccountController.go:32.9,34.3 1 0
myapp-go/src/controllers/bankAccountController.go:36.2,38.43 2 0
myapp-go/src/controllers/bankAccountController.go:38.43,40.3 1 0
myapp-go/src/controllers/bankAccountController.go:47.2,48.16 2 0
myapp-go/src/controllers/bankAccountController.go:48.16,50.3 1 0
myapp-go/src/controllers/bankAccountController.go:52.2,52.94 1 0
myapp-go/src/controllers/bankAccountController.go:82.61,87.19 3 0
myapp-go/src/controllers/bankAccountController.go:87.19,89.3 1 0
myapp-go/src/controllers/bankAccountController.go:91.2,92.9 2 0
myapp-go/src/controllers/bankAccountController.go:92.9,94.3 1 0
myapp-go/src/controllers/bankAccountController.go:96.2,98.43 2 0
myapp-go/src/controllers/bankAccountController.go:98.43,100.3 1 0
myapp-go/src/controllers/bankAccountController.go:103.2,104.16 2 0
myapp-go/src/controllers/bankAccountController.go:104.16,106.3 1 0
myapp-go/src/controllers/bankAccountController.go:108.2,108.94 1 0
myapp-go/src/controllers/bankAccountController.go:112.62,123.16 3 0
myapp-go/src/controllers/bankAccountController.go:123.16,125.3 1 0
myapp-go/src/controllers/bankAccountController.go:127.2,127.105 1 0
myapp-go/src/controllers/bankAccountController.go:130.61,135.19 3 0
myapp-go/src/controllers/bankAccountController.go:135.19,137.3 1 0
myapp-go/src/controllers/bankAccountController.go:140.2,141.16 2 0
myapp-go/src/controllers/bankAccountController.go:141.16,143.3 1 0
myapp-go/src/controllers/bankAccountController.go:145.2,145.93 1 0
myapp-go/src/controllers/customerController.go:19.93,21.2 1 1
myapp-go/src/controllers/customerController.go:24.60,27.19 2 1
myapp-go/src/controllers/customerController.go:27.19,29.3 1 1
myapp-go/src/controllers/customerController.go:31.2,33.43 2 1
myapp-go/src/controllers/customerController.go:33.43,35.3 1 1
myapp-go/src/controllers/customerController.go:37.2,37.39 1 1
myapp-go/src/controllers/customerController.go:37.39,39.3 1 1
myapp-go/src/controllers/customerController.go:42.2,43.16 2 1
myapp-go/src/controllers/customerController.go:43.16,45.3 1 1
myapp-go/src/controllers/customerController.go:48.2,51.9 1 1
myapp-go/src/controllers/customerController.go:55.58,66.43 3 1
myapp-go/src/controllers/customerController.go:66.43,68.3 1 1
myapp-go/src/controllers/customerController.go:71.2,72.16 2 1
myapp-go/src/controllers/customerController.go:72.16,74.3 1 1
myapp-go/src/controllers/customerController.go:76.2,76.91 1 1
myapp-go/src/controllers/customerController.go:79.67,81.19 2 1
myapp-go/src/controllers/customerController.go:81.19,83.3 1 1
myapp-go/src/controllers/customerController.go:86.2,87.9 2 1
myapp-go/src/controllers/customerController.go:87.9,89.3 1 1
myapp-go/src/controllers/customerController.go:92.2,93.16 2 1
myapp-go/src/controllers/customerController.go:93.16,95.3 1 1
myapp-go/src/controllers/customerController.go:98.2,98.93 1 1
myapp-go/src/controllers/customerController.go:101.66,109.16 5 1
myapp-go/src/controllers/customerController.go:109.16,111.3 1 1
myapp-go/src/controllers/customerController.go:114.2,114.88 1 1
myapp-go/src/controllers/pocketController.go:21.77,23.2 1 0
myapp-go/src/controllers/pocketController.go:26.55,29.19 2 0
myapp-go/src/controllers/pocketController.go:29.19,31.3 1 0
myapp-go/src/controllers/pocketController.go:33.2,34.9 2 0
myapp-go/src/controllers/pocketController.go:34.9,36.3 1 0
myapp-go/src/controllers/pocketController.go:38.2,40.43 2 0
myapp-go/src/controllers/pocketController.go:40.43,42.3 1 0
myapp-go/src/controllers/pocketController.go:45.2,46.16 2 0
myapp-go/src/controllers/pocketController.go:46.16,48.3 1 0
myapp-go/src/controllers/pocketController.go:50.2,50.96 1 0
myapp-go/src/controllers/pocketController.go:54.55,62.19 5 0
myapp-go/src/controllers/pocketController.go:62.19,64.3 1 0
myapp-go/src/controllers/pocketController.go:67.2,68.16 2 0
myapp-go/src/controllers/pocketController.go:68.16,70.3 1 0
myapp-go/src/controllers/pocketController.go:73.2,73.90 1 0
myapp-go/src/controllers/pocketController.go:77.55,82.19 3 0
myapp-go/src/controllers/pocketController.go:82.19,84.3 1 0
myapp-go/src/controllers/pocketController.go:86.2,88.43 2 0
myapp-go/src/controllers/pocketController.go:88.43,90.3 1 0
myapp-go/src/controllers/pocketController.go:93.2,94.16 2 0
myapp-go/src/controllers/pocketController.go:94.16,96.3 1 0
myapp-go/src/controllers/pocketController.go:98.2,98.91 1 0
myapp-go/src/controllers/pocketController.go:102.56,107.19 3 0
myapp-go/src/controllers/pocketController.go:107.19,109.3 1 0
myapp-go/src/controllers/pocketController.go:112.2,113.16 2 0
myapp-go/src/controllers/pocketController.go:113.16,115.3 1 0
myapp-go/src/controllers/pocketController.go:117.2,117.94 1 0
myapp-go/src/controllers/pocketController.go:120.55,125.19 3 0
myapp-go/src/controllers/pocketController.go:125.19,127.3 1 0
myapp-go/src/controllers/pocketController.go:130.2,131.16 2 0
myapp-go/src/controllers/pocketController.go:131.16,133.3 1 0
myapp-go/src/controllers/pocketController.go:135.2,135.87 1 0
myapp-go/src/controllers/userController.go:16.71,18.2 1 0
myapp-go/src/controllers/userController.go:21.58,28.16 4 0
myapp-go/src/controllers/userController.go:28.16,30.3 1 0
myapp-go/src/controllers/userController.go:33.2,33.96 1 0
myapp-go/src/dto/customer_dto.go:21.49,33.2 1 1
myapp-go/src/dto/customer_dto.go:48.49,59.2 1 0
myapp-go/src/dto/login_dto.go:13.46,18.2 1 0
myapp-go/src/dto/user_dto.go:16.45,22.2 1 0
myapp-go/src/mocks/customer_mock/service_mock.go:13.109,16.2 2 1
myapp-go/src/mocks/customer_mock/service_mock.go:18.110,21.2 2 1
myapp-go/src/mocks/customer_mock/service_mock.go:23.84,26.2 2 1
myapp-go/src/mocks/customer_mock/service_mock.go:28.109,31.2 2 1
myapp-go/src/models/termDeposit.go:25.88,27.2 1 0
myapp-go/src/repositories/bankAccountRepository.go:17.67,19.2 1 0
myapp-go/src/repositories/bankAccountRepository.go:22.79,24.2 1 0
myapp-go/src/repositories/bankAccountRepository.go:51.76,54.86 2 0
myapp-go/src/repositories/bankAccountRepository.go:54.86,56.3 1 0
myapp-go/src/repositories/bankAccountRepository.go:59.2,59.65 1 0
myapp-go/src/repositories/bankAccountRepository.go:63.95,68.44 3 0
myapp-go/src/repositories/bankAccountRepository.go:68.44,70.3 1 0
myapp-go/src/repositories/bankAccountRepository.go:71.2,71.16 1 0
myapp-go/src/repositories/bankAccountRepository.go:71.16,73.3 1 0
myapp-go/src/repositories/bankAccountRepository.go:76.2,77.45 2 0
myapp-go/src/repositories/bankAccountRepository.go:77.45,79.3 1 0
myapp-go/src/repositories/bankAccountRepository.go:80.2,84.52 3 0
myapp-go/src/repositories/bankAccountRepository.go:84.52,86.3 1 0
myapp-go/src/repositories/bankAccountRepository.go:87.2,91.26 3 0
myapp-go/src/repositories/bankAccountRepository.go:95.68,97.2 1 0
myapp-go/src/repositories/customerRepository.go:15.61,17.2 1 0
myapp-go/src/repositories/customerRepository.go:20.70,22.2 1 0
myapp-go/src/repositories/customerRepository.go:25.70,28.83 2 0
myapp-go/src/repositories/customerRepository.go:28.83,30.3 1 0
myapp-go/src/repositories/customerRepository.go:33.2,33.62 1 0
myapp-go/src/repositories/customerRepository.go:37.86,41.44 3 0
myapp-go/src/repositories/customerRepository.go:41.44,43.3 1 0
myapp-go/src/repositories/customerRepository.go:44.2,44.16 1 0
myapp-go/src/repositories/customerRepository.go:44.16,46.3 1 0
myapp-go/src/repositories/customerRepository.go:47.2,47.23 1 0
myapp-go/src/repositories/customerRepository.go:51.81,54.44 3 0
myapp-go/src/repositories/customerRepository.go:54.44,56.3 1 0
myapp-go/src/repositories/customerRepository.go:57.2,57.16 1 0
myapp-go/src/repositories/customerRepository.go:57.16,59.3 1 0
myapp-go/src/repositories/customerRepository.go:60.2,60.23 1 0
myapp-go/src/repositories/customerRepository.go:64.112,70.50 4 0
myapp-go/src/repositories/customerRepository.go:70.50,72.3 1 0
myapp-go/src/repositories/customerRepository.go:74.2,78.38 2 0
myapp-go/src/repositories/customerRepository.go:78.38,80.3 1 0
myapp-go/src/repositories/customerRepository.go:81.2,81.30 1 0
myapp-go/src/repositories/pocketRepository.go:15.57,17.2 1 0
myapp-go/src/repositories/pocketRepository.go:20.64,22.2 1 0
myapp-go/src/repositories/pocketRepository.go:25.108,32.35 3 0
myapp-go/src/repositories/pocketRepository.go:32.35,34.3 1 0
myapp-go/src/repositories/pocketRepository.go:37.2,42.35 2 0
myapp-go/src/repositories/pocketRepository.go:42.35,44.3 1 0
myapp-go/src/repositories/pocketRepository.go:46.2,46.27 1 0
myapp-go/src/repositories/pocketRepository.go:50.64,54.79 2 0
myapp-go/src/repositories/pocketRepository.go:54.79,56.3 1 0
myapp-go/src/repositories/pocketRepository.go:59.2,59.58 1 0
myapp-go/src/repositories/pocketRepository.go:63.80,69.44 3 0
myapp-go/src/repositories/pocketRepository.go:69.44,71.3 1 0
myapp-go/src/repositories/pocketRepository.go:72.2,72.16 1 0
myapp-go/src/repositories/pocketRepository.go:72.16,74.3 1 0
myapp-go/src/repositories/pocketRepository.go:75.2,75.21 1 0
myapp-go/src/repositories/pocketRepository.go:79.58,81.2 1 0
myapp-go/src/repositories/sessionRepository.go:13.59,15.2 1 0
myapp-go/src/repositories/sessionRepository.go:18.74,20.2 1 0
myapp-go/src/repositories/sessionRepository.go:23.82,27.29 3 0
myapp-go/src/repositories/sessionRepository.go:27.29,32.3 4 0
myapp-go/src/repositories/sessionRepository.go:35.2,35.35 1 0
myapp-go/src/repositories/sessionRepository.go:39.87,42.25 3 0
myapp-go/src/repositories/sessionRepository.go:42.25,44.3 1 0
myapp-go/src/repositories/sessionRepository.go:45.2,45.22 1 0
myapp-go/src/repositories/sessionRepository.go:49.67,51.2 1 0
myapp-go/src/repositories/userRepository.go:15.53,17.2 1 0
myapp-go/src/repositories/userRepository.go:20.60,24.2 3 0
myapp-go/src/repositories/userRepository.go:27.74,30.44 3 0
myapp-go/src/repositories/userRepository.go:30.44,32.3 1 0
myapp-go/src/repositories/userRepository.go:33.2,33.16 1 0
myapp-go/src/repositories/userRepository.go:33.16,35.3 1 0
myapp-go/src/repositories/userRepository.go:36.2,36.19 1 0
myapp-go/src/repositories/userRepository.go:40.74,44.16 3 0
myapp-go/src/repositories/userRepository.go:44.16,45.45 1 0
myapp-go/src/repositories/userRepository.go:45.45,47.4 1 0
myapp-go/src/repositories/userRepository.go:48.3,48.18 1 0
myapp-go/src/repositories/userRepository.go:51.2,51.19 1 0
myapp-go/src/repositories/userRepository.go:55.62,57.2 1 0
myapp-go/src/repositories/userRepository.go:60.86,65.71 3 0
myapp-go/src/repositories/userRepository.go:65.71,67.3 1 0
myapp-go/src/repositories/userRepository.go:70.2,71.76 2 0
myapp-go/src/repositories/userRepository.go:71.76,73.3 1 0
myapp-go/src/repositories/userRepository.go:75.2,75.26 1 0
myapp-go/src/repositories/userRepository.go:79.58,83.75 2 0
myapp-go/src/repositories/userRepository.go:83.75,85.3 1 0
myapp-go/src/repositories/userRepository.go:88.2,88.54 1 0
myapp-go/src/services/authService.go:20.118,25.2 1 0
myapp-go/src/services/authService.go:28.109,30.56 1 0
myapp-go/src/services/authService.go:30.56,32.3 1 0
myapp-go/src/services/authService.go:35.2,35.39 1 0
myapp-go/src/services/authService.go:35.39,37.3 1 0
myapp-go/src/services/authService.go:40.2,41.16 2 0
myapp-go/src/services/authService.go:41.16,43.3 1 0
myapp-go/src/services/authService.go:46.2,55.16 3 0
myapp-go/src/services/authService.go:55.16,57.3 1 0
myapp-go/src/services/authService.go:60.2,68.16 3 0
myapp-go/src/services/authService.go:68.16,70.3 1 0
myapp-go/src/services/authService.go:72.2,72.27 1 0
myapp-go/src/services/authService.go:76.96,79.56 1 0
myapp-go/src/services/authService.go:79.56,81.3 1 0
myapp-go/src/services/authService.go:84.2,85.16 2 0
myapp-go/src/services/authService.go:85.16,87.3 1 0
myapp-go/src/services/authService.go:90.2,90.62 1 0
myapp-go/src/services/authService.go:90.62,92.3 1 0
myapp-go/src/services/authService.go:95.2,96.16 2 0
myapp-go/src/services/authService.go:96.16,98.3 1 0
myapp-go/src/services/authService.go:101.2,109.69 2 0
myapp-go/src/services/authService.go:109.69,111.3 1 0
myapp-go/src/services/authService.go:113.2,113.27 1 0
myapp-go/src/services/authService.go:117.54,120.16 2 0
myapp-go/src/services/authService.go:120.16,122.3 1 0
myapp-go/src/services/authService.go:125.2,125.64 1 0
myapp-go/src/services/bankAccountService.go:19.148,24.2 1 0
myapp-go/src/services/bankAccountService.go:27.107,31.16 2 0
myapp-go/src/services/bankAccountService.go:31.16,33.3 1 0
myapp-go/src/services/bankAccountService.go:35.2,36.16 2 0
myapp-go/src/services/bankAccountService.go:36.16,38.3 1 0
myapp-go/src/services/bankAccountService.go:40.2,52.65 2 0
myapp-go/src/services/bankAccountService.go:52.65,54.3 1 0
myapp-go/src/services/bankAccountService.go:56.2,56.28 1 0
myapp-go/src/services/bankAccountService.go:98.129,102.16 2 0
myapp-go/src/services/bankAccountService.go:102.16,104.3 1 0
myapp-go/src/services/bankAccountService.go:106.2,107.16 2 0
myapp-go/src/services/bankAccountService.go:107.16,109.3 1 0
myapp-go/src/services/bankAccountService.go:112.2,113.16 2 0
myapp-go/src/services/bankAccountService.go:113.16,115.3 1 0
myapp-go/src/services/bankAccountService.go:117.2,118.16 2 0
myapp-go/src/services/bankAccountService.go:118.16,120.3 1 0
myapp-go/src/services/bankAccountService.go:122.2,133.65 2 0
myapp-go/src/services/bankAccountService.go:133.65,135.3 1 0
myapp-go/src/services/bankAccountService.go:137.2,137.28 1 0
myapp-go/src/services/bankAccountService.go:140.88,143.16 2 0
myapp-go/src/services/bankAccountService.go:143.16,145.3 1 0
myapp-go/src/services/bankAccountService.go:147.2,148.16 2 0
myapp-go/src/services/bankAccountService.go:148.16,150.3 1 0
myapp-go/src/services/bankAccountService.go:152.2,152.25 1 0
myapp-go/src/services/bankAccountService.go:155.67,158.16 2 0
myapp-go/src/services/bankAccountService.go:158.16,160.3 1 0
myapp-go/src/services/bankAccountService.go:162.2,163.16 2 0
myapp-go/src/services/bankAccountService.go:163.16,165.3 1 0
myapp-go/src/services/bankAccountService.go:167.2,167.69 1 0
myapp-go/src/services/customerService.go:26.181,32.2 1 0
myapp-go/src/services/customerService.go:35.105,39.16 2 0
myapp-go/src/services/customerService.go:39.16,41.3 1 0
myapp-go/src/services/customerService.go:43.2,43.17 1 0
myapp-go/src/services/customerService.go:43.17,45.3 1 0
myapp-go/src/services/customerService.go:49.2,50.16 2 0
myapp-go/src/services/customerService.go:50.16,52.3 1 0
myapp-go/src/services/customerService.go:52.8,54.3 1 0
myapp-go/src/services/customerService.go:56.2,61.16 4 0
myapp-go/src/services/customerService.go:61.16,63.3 1 0
myapp-go/src/services/customerService.go:65.2,75.55 2 0
myapp-go/src/services/customerService.go:75.55,77.3 1 0
myapp-go/src/services/customerService.go:79.2,90.59 2 0
myapp-go/src/services/customerService.go:90.59,92.3 1 0
myapp-go/src/services/customerService.go:94.2,105.65 2 0
myapp-go/src/services/customerService.go:105.65,107.3 1 0
myapp-go/src/services/customerService.go:109.2,109.34 1 0
myapp-go/src/services/customerService.go:113.106,116.16 2 0
myapp-go/src/services/customerService.go:116.16,118.3 1 0
myapp-go/src/services/customerService.go:120.2,121.16 2 0
myapp-go/src/services/customerService.go:121.16,123.3 1 0
myapp-go/src/services/customerService.go:125.2,126.16 2 0
myapp-go/src/services/customerService.go:126.16,128.3 1 0
myapp-go/src/services/customerService.go:131.2,132.16 2 0
myapp-go/src/services/customerService.go:132.16,134.3 1 0
myapp-go/src/services/customerService.go:134.8,136.3 1 0
myapp-go/src/services/customerService.go:138.2,147.54 2 0
myapp-go/src/services/customerService.go:147.54,149.3 1 0
myapp-go/src/services/customerService.go:151.2,161.62 2 0
myapp-go/src/services/customerService.go:161.62,163.3 1 0
myapp-go/src/services/customerService.go:165.2,175.65 2 0
myapp-go/src/services/customerService.go:175.65,177.3 1 0
myapp-go/src/services/customerService.go:179.2,179.28 1 0
myapp-go/src/services/customerService.go:183.81,185.16 2 0
myapp-go/src/services/customerService.go:185.16,187.3 1 0
myapp-go/src/services/customerService.go:189.2,190.16 2 0
myapp-go/src/services/customerService.go:190.16,192.3 1 0
myapp-go/src/services/customerService.go:193.2,193.22 1 0
myapp-go/src/services/customerService.go:196.105,198.16 2 0
myapp-go/src/services/customerService.go:198.16,200.3 1 0
myapp-go/src/services/customerService.go:202.2,213.8 3 0
myapp-go/src/services/pocketService.go:20.134,25.2 1 0
myapp-go/src/services/pocketService.go:28.101,31.16 2 0
myapp-go/src/services/pocketService.go:31.16,33.3 1 0
myapp-go/src/services/pocketService.go:35.2,36.16 2 0
myapp-go/src/services/pocketService.go:36.16,38.3 1 0
myapp-go/src/services/pocketService.go:40.2,51.55 2 0
myapp-go/src/services/pocketService.go:51.55,53.3 1 0
myapp-go/src/services/pocketService.go:55.2,55.23 1 0
myapp-go/src/services/pocketService.go:59.101,61.16 2 0
myapp-go/src/services/pocketService.go:61.16,63.3 1 0
myapp-go/src/services/pocketService.go:65.2,66.16 2 0
myapp-go/src/services/pocketService.go:66.16,68.3 1 0
myapp-go/src/services/pocketService.go:70.2,81.8 3 0
myapp-go/src/services/pocketService.go:85.102,88.16 2 0
myapp-go/src/services/pocketService.go:88.16,90.3 1 0
myapp-go/src/services/pocketService.go:92.2,93.16 2 0
myapp-go/src/services/pocketService.go:93.16,95.3 1 0
myapp-go/src/services/pocketService.go:98.2,99.16 2 0
myapp-go/src/services/pocketService.go:99.16,101.3 1 0
myapp-go/src/services/pocketService.go:103.2,113.55 2 0
myapp-go/src/services/pocketService.go:113.55,115.3 1 0
myapp-go/src/services/pocketService.go:117.2,117.23 1 0
myapp-go/src/services/pocketService.go:121.77,124.16 2 0
myapp-go/src/services/pocketService.go:124.16,126.3 1 0
myapp-go/src/services/pocketService.go:128.2,129.16 2 0
myapp-go/src/services/pocketService.go:129.16,131.3 1 0
myapp-go/src/services/pocketService.go:133.2,133.20 1 0
myapp-go/src/services/pocketService.go:137.57,140.16 2 0
myapp-go/src/services/pocketService.go:140.16,142.3 1 0
myapp-go/src/services/pocketService.go:144.2,145.16 2 0
myapp-go/src/services/pocketService.go:145.16,147.3 1 0
myapp-go/src/services/pocketService.go:149.2,149.59 1 0
myapp-go/src/services/userService.go:14.118,19.2 1 0
myapp-go/src/services/userService.go:22.79,24.16 2 0
myapp-go/src/services/userService.go:24.16,26.3 1 0
myapp-go/src/services/userService.go:29.2,41.8 3 0
myapp-go/src/utils/cookie.go:9.69,16.2 1 0
myapp-go/src/utils/helper.go:12.52,15.2 2 0
myapp-go/src/utils/helper.go:18.63,21.2 2 0
myapp-go/src/utils/helper.go:24.33,26.2 1 0
myapp-go/src/utils/helper.go:29.56,32.16 3 0
myapp-go/src/utils/helper.go:32.16,34.3 1 0
myapp-go/src/utils/helper.go:35.2,35.25 1 0
myapp-go/src/utils/helper.go:39.59,42.16 3 0
myapp-go/src/utils/helper.go:42.16,44.3 1 0
myapp-go/src/utils/helper.go:45.2,45.51 1 0
myapp-go/src/utils/helper.go:52.48,55.26 3 0
myapp-go/src/utils/helper.go:55.26,57.3 1 0
myapp-go/src/utils/helper.go:58.2,58.25 1 0
myapp-go/src/utils/helper.go:62.37,66.2 3 0
myapp-go/src/utils/jwt.go:13.49,21.2 3 0
myapp-go/src/utils/jwt.go:24.58,25.76 1 0
myapp-go/src/utils/jwt.go:25.76,27.3 1 0
myapp-go/src/utils/response.go:25.116,33.2 2 1
myapp-go/src/utils/response.go:36.101,42.21 2 1
myapp-go/src/utils/response.go:42.21,44.3 1 1
myapp-go/src/utils/response.go:46.2,46.44 1 1
myapp-go/src/utils/validation.go:8.52,11.45 2 1
myapp-go/src/utils/validation.go:11.45,12.30 1 1
myapp-go/src/utils/validation.go:12.30,14.4 1 1
myapp-go/src/utils/validation.go:17.2,17.15 1 1
myapp-go/src/utils/httpError/message.go:68.35,70.2 1 0
myapp-go/src/utils/httpError/message.go:73.33,75.2 1 0
myapp-go/src/utils/httpError/message.go:78.41,80.2 1 0
myapp-go/src/utils/httpError/message.go:82.55,88.2 1 0
myapp-go/src/utils/cookie.go:9.69,16.2 1 0
myapp-go/src/utils/helper.go:12.52,15.2 2 0
myapp-go/src/utils/helper.go:18.63,21.2 2 0
myapp-go/src/utils/helper.go:24.33,26.2 1 0
myapp-go/src/utils/helper.go:29.56,32.16 3 0
myapp-go/src/utils/helper.go:32.16,34.3 1 0
myapp-go/src/utils/helper.go:35.2,35.25 1 0
myapp-go/src/utils/helper.go:39.59,42.16 3 0
myapp-go/src/utils/helper.go:42.16,44.3 1 0
myapp-go/src/utils/helper.go:45.2,45.51 1 0
myapp-go/src/utils/helper.go:52.48,55.26 3 0
myapp-go/src/utils/helper.go:55.26,57.3 1 0
myapp-go/src/utils/helper.go:58.2,58.25 1 0
myapp-go/src/utils/helper.go:62.37,66.2 3 0
myapp-go/src/utils/jwt.go:13.49,21.2 3 0
myapp-go/src/utils/jwt.go:24.58,25.76 1 0
myapp-go/src/utils/jwt.go:25.76,27.3 1 0
myapp-go/src/utils/response.go:25.116,33.2 2 0
myapp-go/src/utils/response.go:36.101,42.21 2 0
myapp-go/src/utils/response.go:42.21,44.3 1 0
myapp-go/src/utils/response.go:46.2,46.44 1 0
myapp-go/src/utils/validation.go:8.52,11.45 2 0
myapp-go/src/utils/validation.go:11.45,12.30 1 0
myapp-go/src/utils/validation.go:12.30,14.4 1 0
myapp-go/src/utils/validation.go:17.2,17.15 1 0
